INFO	2022/06/13 16:46:30 Web server start on :4000
ERROR	2022/06/10 13:27:15 handlers.go:74: Error 1064: You have an error in your SQL syntax; check the manual that corresponds to your MySQL server version for the right syntax to use near '))' at line 2
goroutine 34 [running]:
runtime/debug.Stack()
	C:/Program Files/Go/src/runtime/debug/stack.go:24 +0x65
main.(*application).serverError(0xc000004090, {0x56b6f8, 0xc00007c0e0}, {0x569320?, 0xc000004108?})
	C:/Users/Lesik/go/src/snippetbox/cmd/web/helpers.go:12 +0x58
main.(*application).createSnippet(0xc000004090, {0x56b6f8, 0xc00007c0e0}, 0xc000200100)
	C:/Users/Lesik/go/src/snippetbox/cmd/web/handlers.go:74 +0x17d
net/http.HandlerFunc.ServeHTTP(0x18fc4bd0d28?, {0x56b6f8?, 0xc00007c0e0?}, 0x17d805?)
	C:/Program Files/Go/src/net/http/server.go:2084 +0x2f
net/http.(*ServeMux).ServeHTTP(0x0?, {0x56b6f8, 0xc00007c0e0}, 0xc000200100)
	C:/Program Files/Go/src/net/http/server.go:2462 +0x149
net/http.serverHandler.ServeHTTP({0xc0000222a0?}, {0x56b6f8, 0xc00007c0e0}, 0xc000200100)
	C:/Program Files/Go/src/net/http/server.go:2916 +0x43b
net/http.(*conn).serve(0xc0001b2000, {0x56b8f8, 0xc00019c120})
	C:/Program Files/Go/src/net/http/server.go:1966 +0x5d7
created by net/http.(*Server).Serve
	C:/Program Files/Go/src/net/http/server.go:3071 +0x4db
o/src/snippetbox/ui/html/home.page.html: The system cannot find the file specified.
goroutine 18 [running]:
runtime/debug.Stack()
	C:/Program Files/Go/src/runtime/debug/stack.go:24 +0x65
golangs.org/snippetbox/pkg/config.(*Application).ServerError(0xc000050c40, {0xde2528, 0xc00013e0e0}, {0xde0460?, 0xc00007aff0?})
	C:/Users/Lesik/go/src/snippetbox/pkg/config/helpers.go:14 +0x58
main.Home.func1({0xde2528?, 0xc00013e0e0}, 0x0?)
	C:/Users/Lesik/go/src/snippetbox/cmd/web/handlers.go:31 +0x18c
net/http.HandlerFunc.ServeHTTP(0x1f2e06a4dd8?, {0xde2528?, 0xc00013e0e0?}, 0xa3d805?)
	C:/Program Files/Go/src/net/http/server.go:2084 +0x2f
net/http.(*ServeMux).ServeHTTP(0x0?, {0xde2528, 0xc00013e0e0}, 0xc000142200)
	C:/Program Files/Go/src/net/http/server.go:2462 +0x149
net/http.serverHandler.ServeHTTP({0xc00007ae70?}, {0xde2528, 0xc00013e0e0}, 0xc000142200)
	C:/Program Files/Go/src/net/http/server.go:2916 +0x43b
net/http.(*conn).serve(0xc0000b2000, {0xde2738, 0xc00009c120})
	C:/Program Files/Go/src/net/http/server.go:1966 +0x5d7
created by net/http.(*Server).Serve
	C:/Program Files/Go/src/net/http/server.go:3071 +0x4db
